1730536670.002415 client started (39803): version 3.5a, socket /tmp/tmux-1000/default, protocol 8
1730536670.002454 on Linux 6.11.5 #1-NixOS SMP PREEMPT_DYNAMIC Tue Oct 22 13:51:37 UTC 2024
1730536670.002458 using libevent 2.1.12-stable poll
1730536670.002465 using utf8proc 2.9.0
1730536670.002468 using ncurses 6.4 20221231
1730536670.002479 flags are 0x10010000
1730536670.002489 socket is /tmp/tmux-1000/default
1730536670.002499 trying connect
1730536670.002564 add peer 0x20ad1aa0: 6 ((nil))
1730536670.002819 sending message 111 to peer 0x20ad1aa0 (8 bytes)
1730536670.002828 sending message 111 to peer 0x20ad1aa0 (8 bytes)
1730536670.002831 sending message 101 to peer 0x20ad1aa0 (14 bytes)
1730536670.002836 sending message 109 to peer 0x20ad1aa0 (4 bytes)
1730536670.002838 sending message 102 to peer 0x20ad1aa0 (12 bytes)
1730536670.002841 sending message 108 to peer 0x20ad1aa0 (32 bytes)
1730536670.002844 sending message 112 to peer 0x20ad1aa0 (70 bytes)
1730536670.002847 sending message 112 to peer 0x20ad1aa0 (5 bytes)
1730536670.002850 sending message 112 to peer 0x20ad1aa0 (5 bytes)
1730536670.002853 sending message 112 to peer 0x20ad1aa0 (6 bytes)
1730536670.002856 sending message 112 to peer 0x20ad1aa0 (6 bytes)
1730536670.002858 sending message 112 to peer 0x20ad1aa0 (11 bytes)
1730536670.002861 sending message 112 to peer 0x20ad1aa0 (10 bytes)
1730536670.002864 sending message 112 to peer 0x20ad1aa0 (13 bytes)
1730536670.002867 sending message 112 to peer 0x20ad1aa0 (13 bytes)
1730536670.002870 sending message 112 to peer 0x20ad1aa0 (18 bytes)
1730536670.002872 sending message 112 to peer 0x20ad1aa0 (11 bytes)
1730536670.002875 sending message 112 to peer 0x20ad1aa0 (10 bytes)
1730536670.002878 sending message 112 to peer 0x20ad1aa0 (15 bytes)
1730536670.002881 sending message 112 to peer 0x20ad1aa0 (21 bytes)
1730536670.002883 sending message 112 to peer 0x20ad1aa0 (13 bytes)
1730536670.002887 sending message 112 to peer 0x20ad1aa0 (7 bytes)
1730536670.002889 sending message 112 to peer 0x20ad1aa0 (13 bytes)
1730536670.002892 sending message 112 to peer 0x20ad1aa0 (7 bytes)
1730536670.002895 sending message 112 to peer 0x20ad1aa0 (13 bytes)
1730536670.002898 sending message 112 to peer 0x20ad1aa0 (9 bytes)
1730536670.002901 sending message 112 to peer 0x20ad1aa0 (21 bytes)
1730536670.002904 sending message 112 to peer 0x20ad1aa0 (13 bytes)
1730536670.002907 sending message 112 to peer 0x20ad1aa0 (8 bytes)
1730536670.002910 sending message 112 to peer 0x20ad1aa0 (12 bytes)
1730536670.002913 sending message 112 to peer 0x20ad1aa0 (13 bytes)
1730536670.002916 sending message 112 to peer 0x20ad1aa0 (9 bytes)
1730536670.002919 sending message 112 to peer 0x20ad1aa0 (9 bytes)
1730536670.002921 sending message 112 to peer 0x20ad1aa0 (12 bytes)
1730536670.002924 sending message 112 to peer 0x20ad1aa0 (8 bytes)
1730536670.002927 sending message 112 to peer 0x20ad1aa0 (8 bytes)
1730536670.002930 sending message 112 to peer 0x20ad1aa0 (7 bytes)
1730536670.002933 sending message 112 to peer 0x20ad1aa0 (7 bytes)
1730536670.002936 sending message 112 to peer 0x20ad1aa0 (9 bytes)
1730536670.002939 sending message 112 to peer 0x20ad1aa0 (13 bytes)
1730536670.002941 sending message 112 to peer 0x20ad1aa0 (6 bytes)
1730536670.002944 sending message 112 to peer 0x20ad1aa0 (9 bytes)
1730536670.002947 sending message 112 to peer 0x20ad1aa0 (15 bytes)
1730536670.002950 sending message 112 to peer 0x20ad1aa0 (13 bytes)
1730536670.002953 sending message 112 to peer 0x20ad1aa0 (12 bytes)
1730536670.002956 sending message 112 to peer 0x20ad1aa0 (8 bytes)
1730536670.002959 sending message 112 to peer 0x20ad1aa0 (14 bytes)
1730536670.002962 sending message 112 to peer 0x20ad1aa0 (11 bytes)
1730536670.002965 sending message 112 to peer 0x20ad1aa0 (9 bytes)
1730536670.002968 sending message 112 to peer 0x20ad1aa0 (10 bytes)
1730536670.002971 sending message 112 to peer 0x20ad1aa0 (10 bytes)
1730536670.002973 sending message 112 to peer 0x20ad1aa0 (10 bytes)
1730536670.002976 sending message 112 to peer 0x20ad1aa0 (10 bytes)
1730536670.002980 sending message 112 to peer 0x20ad1aa0 (11 bytes)
1730536670.002990 sending message 112 to peer 0x20ad1aa0 (12 bytes)
1730536670.002993 sending message 112 to peer 0x20ad1aa0 (12 bytes)
1730536670.002997 sending message 112 to peer 0x20ad1aa0 (12 bytes)
1730536670.002999 sending message 112 to peer 0x20ad1aa0 (12 bytes)
1730536670.003003 sending message 112 to peer 0x20ad1aa0 (12 bytes)
1730536670.003006 sending message 112 to peer 0x20ad1aa0 (11 bytes)
1730536670.003009 sending message 112 to peer 0x20ad1aa0 (11 bytes)
1730536670.003012 sending message 112 to peer 0x20ad1aa0 (12 bytes)
1730536670.003015 sending message 112 to peer 0x20ad1aa0 (12 bytes)
1730536670.003018 sending message 112 to peer 0x20ad1aa0 (12 bytes)
1730536670.003020 sending message 112 to peer 0x20ad1aa0 (12 bytes)
1730536670.003024 sending message 112 to peer 0x20ad1aa0 (12 bytes)
1730536670.003027 sending message 112 to peer 0x20ad1aa0 (10 bytes)
1730536670.003030 sending message 112 to peer 0x20ad1aa0 (12 bytes)
1730536670.003033 sending message 112 to peer 0x20ad1aa0 (13 bytes)
1730536670.003036 sending message 112 to peer 0x20ad1aa0 (13 bytes)
1730536670.003039 sending message 112 to peer 0x20ad1aa0 (13 bytes)
1730536670.003042 sending message 112 to peer 0x20ad1aa0 (13 bytes)
1730536670.003045 sending message 112 to peer 0x20ad1aa0 (13 bytes)
1730536670.003049 sending message 112 to peer 0x20ad1aa0 (8 bytes)
1730536670.003052 sending message 112 to peer 0x20ad1aa0 (11 bytes)
1730536670.003055 sending message 112 to peer 0x20ad1aa0 (11 bytes)
1730536670.003057 sending message 112 to peer 0x20ad1aa0 (11 bytes)
1730536670.003060 sending message 112 to peer 0x20ad1aa0 (12 bytes)
1730536670.003063 sending message 112 to peer 0x20ad1aa0 (12 bytes)
1730536670.003066 sending message 112 to peer 0x20ad1aa0 (12 bytes)
1730536670.003069 sending message 112 to peer 0x20ad1aa0 (12 bytes)
1730536670.003072 sending message 112 to peer 0x20ad1aa0 (13 bytes)
1730536670.003075 sending message 112 to peer 0x20ad1aa0 (13 bytes)
1730536670.003078 sending message 112 to peer 0x20ad1aa0 (13 bytes)
1730536670.003081 sending message 112 to peer 0x20ad1aa0 (8 bytes)
1730536670.003085 sending message 112 to peer 0x20ad1aa0 (13 bytes)
1730536670.003087 sending message 112 to peer 0x20ad1aa0 (13 bytes)
1730536670.003091 sending message 112 to peer 0x20ad1aa0 (13 bytes)
1730536670.003093 sending message 112 to peer 0x20ad1aa0 (13 bytes)
1730536670.003096 sending message 112 to peer 0x20ad1aa0 (13 bytes)
1730536670.003099 sending message 112 to peer 0x20ad1aa0 (12 bytes)
1730536670.003102 sending message 112 to peer 0x20ad1aa0 (12 bytes)
1730536670.003105 sending message 112 to peer 0x20ad1aa0 (12 bytes)
1730536670.003108 sending message 112 to peer 0x20ad1aa0 (12 bytes)
1730536670.003111 sending message 112 to peer 0x20ad1aa0 (13 bytes)
1730536670.003114 sending message 112 to peer 0x20ad1aa0 (8 bytes)
1730536670.003117 sending message 112 to peer 0x20ad1aa0 (13 bytes)
1730536670.003120 sending message 112 to peer 0x20ad1aa0 (13 bytes)
1730536670.003123 sending message 112 to peer 0x20ad1aa0 (13 bytes)
1730536670.003126 sending message 112 to peer 0x20ad1aa0 (13 bytes)
1730536670.003129 sending message 112 to peer 0x20ad1aa0 (13 bytes)
1730536670.003132 sending message 112 to peer 0x20ad1aa0 (13 bytes)
1730536670.003135 sending message 112 to peer 0x20ad1aa0 (13 bytes)
1730536670.003138 sending message 112 to peer 0x20ad1aa0 (12 bytes)
1730536670.003141 sending message 112 to peer 0x20ad1aa0 (12 bytes)
1730536670.003145 sending message 112 to peer 0x20ad1aa0 (12 bytes)
1730536670.003148 sending message 112 to peer 0x20ad1aa0 (8 bytes)
1730536670.003150 sending message 112 to peer 0x20ad1aa0 (12 bytes)
1730536670.003153 sending message 112 to peer 0x20ad1aa0 (13 bytes)
1730536670.003156 sending message 112 to peer 0x20ad1aa0 (13 bytes)
1730536670.003159 sending message 112 to peer 0x20ad1aa0 (13 bytes)
1730536670.003162 sending message 112 to peer 0x20ad1aa0 (13 bytes)
1730536670.003165 sending message 112 to peer 0x20ad1aa0 (13 bytes)
1730536670.003169 sending message 112 to peer 0x20ad1aa0 (13 bytes)
1730536670.003177 sending message 112 to peer 0x20ad1aa0 (13 bytes)
1730536670.003181 sending message 112 to peer 0x20ad1aa0 (13 bytes)
1730536670.003183 sending message 112 to peer 0x20ad1aa0 (12 bytes)
1730536670.003187 sending message 112 to peer 0x20ad1aa0 (10 bytes)
1730536670.003190 sending message 112 to peer 0x20ad1aa0 (12 bytes)
1730536670.003193 sending message 112 to peer 0x20ad1aa0 (12 bytes)
1730536670.003196 sending message 112 to peer 0x20ad1aa0 (12 bytes)
1730536670.003199 sending message 112 to peer 0x20ad1aa0 (13 bytes)
1730536670.003202 sending message 112 to peer 0x20ad1aa0 (13 bytes)
1730536670.003205 sending message 112 to peer 0x20ad1aa0 (13 bytes)
1730536670.003209 sending message 112 to peer 0x20ad1aa0 (13 bytes)
1730536670.003211 sending message 112 to peer 0x20ad1aa0 (13 bytes)
1730536670.003214 sending message 112 to peer 0x20ad1aa0 (13 bytes)
1730536670.003217 sending message 112 to peer 0x20ad1aa0 (13 bytes)
1730536670.003220 sending message 112 to peer 0x20ad1aa0 (10 bytes)
1730536670.003223 sending message 112 to peer 0x20ad1aa0 (13 bytes)
1730536670.003227 sending message 112 to peer 0x20ad1aa0 (12 bytes)
1730536670.003229 sending message 112 to peer 0x20ad1aa0 (12 bytes)
1730536670.003233 sending message 112 to peer 0x20ad1aa0 (12 bytes)
1730536670.003236 sending message 112 to peer 0x20ad1aa0 (10 bytes)
1730536670.003240 sending message 112 to peer 0x20ad1aa0 (10 bytes)
1730536670.003242 sending message 112 to peer 0x20ad1aa0 (10 bytes)
1730536670.003246 sending message 112 to peer 0x20ad1aa0 (12 bytes)
1730536670.003249 sending message 112 to peer 0x20ad1aa0 (13 bytes)
1730536670.003252 sending message 112 to peer 0x20ad1aa0 (13 bytes)
1730536670.003254 sending message 112 to peer 0x20ad1aa0 (13 bytes)
1730536670.003258 sending message 112 to peer 0x20ad1aa0 (13 bytes)
1730536670.003261 sending message 112 to peer 0x20ad1aa0 (13 bytes)
1730536670.003264 sending message 112 to peer 0x20ad1aa0 (11 bytes)
1730536670.003267 sending message 112 to peer 0x20ad1aa0 (11 bytes)
1730536670.003270 sending message 112 to peer 0x20ad1aa0 (12 bytes)
1730536670.003273 sending message 112 to peer 0x20ad1aa0 (12 bytes)
1730536670.003275 sending message 112 to peer 0x20ad1aa0 (12 bytes)
1730536670.003279 sending message 112 to peer 0x20ad1aa0 (12 bytes)
1730536670.003282 sending message 112 to peer 0x20ad1aa0 (12 bytes)
1730536670.003286 sending message 112 to peer 0x20ad1aa0 (11 bytes)
1730536670.003289 sending message 112 to peer 0x20ad1aa0 (12 bytes)
1730536670.003292 sending message 112 to peer 0x20ad1aa0 (12 bytes)
1730536670.003295 sending message 112 to peer 0x20ad1aa0 (13 bytes)
1730536670.003299 sending message 112 to peer 0x20ad1aa0 (13 bytes)
1730536670.003302 sending message 112 to peer 0x20ad1aa0 (13 bytes)
1730536670.003305 sending message 112 to peer 0x20ad1aa0 (13 bytes)
1730536670.003308 sending message 112 to peer 0x20ad1aa0 (13 bytes)
1730536670.003317 sending message 112 to peer 0x20ad1aa0 (10 bytes)
1730536670.003320 sending message 112 to peer 0x20ad1aa0 (9 bytes)
1730536670.003324 sending message 112 to peer 0x20ad1aa0 (12 bytes)
1730536670.003327 sending message 112 to peer 0x20ad1aa0 (13 bytes)
1730536670.003330 sending message 112 to peer 0x20ad1aa0 (13 bytes)
1730536670.003333 sending message 112 to peer 0x20ad1aa0 (13 bytes)
1730536670.003336 sending message 112 to peer 0x20ad1aa0 (13 bytes)
1730536670.003339 sending message 112 to peer 0x20ad1aa0 (13 bytes)
1730536670.003342 sending message 112 to peer 0x20ad1aa0 (9 bytes)
1730536670.003345 sending message 112 to peer 0x20ad1aa0 (12 bytes)
1730536670.003348 sending message 112 to peer 0x20ad1aa0 (13 bytes)
1730536670.003351 sending message 112 to peer 0x20ad1aa0 (13 bytes)
1730536670.003354 sending message 112 to peer 0x20ad1aa0 (13 bytes)
1730536670.003357 sending message 112 to peer 0x20ad1aa0 (13 bytes)
1730536670.003360 sending message 112 to peer 0x20ad1aa0 (13 bytes)
1730536670.003363 sending message 112 to peer 0x20ad1aa0 (11 bytes)
1730536670.003365 sending message 112 to peer 0x20ad1aa0 (12 bytes)
1730536670.003373 sending message 112 to peer 0x20ad1aa0 (13 bytes)
1730536670.003376 sending message 112 to peer 0x20ad1aa0 (13 bytes)
1730536670.003379 sending message 112 to peer 0x20ad1aa0 (13 bytes)
1730536670.003382 sending message 112 to peer 0x20ad1aa0 (13 bytes)
1730536670.003385 sending message 112 to peer 0x20ad1aa0 (13 bytes)
1730536670.003388 sending message 112 to peer 0x20ad1aa0 (11 bytes)
1730536670.003391 sending message 112 to peer 0x20ad1aa0 (12 bytes)
1730536670.003394 sending message 112 to peer 0x20ad1aa0 (12 bytes)
1730536670.003399 sending message 112 to peer 0x20ad1aa0 (12 bytes)
1730536670.003402 sending message 112 to peer 0x20ad1aa0 (12 bytes)
1730536670.003404 sending message 112 to peer 0x20ad1aa0 (12 bytes)
1730536670.003408 sending message 112 to peer 0x20ad1aa0 (21 bytes)
1730536670.003411 sending message 112 to peer 0x20ad1aa0 (12 bytes)
1730536670.003414 sending message 112 to peer 0x20ad1aa0 (9 bytes)
1730536670.003418 sending message 112 to peer 0x20ad1aa0 (6 bytes)
1730536670.003421 sending message 112 to peer 0x20ad1aa0 (13 bytes)
1730536670.003424 sending message 112 to peer 0x20ad1aa0 (8 bytes)
1730536670.003427 sending message 112 to peer 0x20ad1aa0 (15 bytes)
1730536670.003430 sending message 112 to peer 0x20ad1aa0 (13 bytes)
1730536670.003433 sending message 112 to peer 0x20ad1aa0 (9 bytes)
1730536670.003435 sending message 112 to peer 0x20ad1aa0 (70 bytes)
1730536670.003439 sending message 112 to peer 0x20ad1aa0 (69 bytes)
1730536670.003443 sending message 112 to peer 0x20ad1aa0 (10 bytes)
1730536670.003446 sending message 112 to peer 0x20ad1aa0 (10 bytes)
1730536670.003450 sending message 112 to peer 0x20ad1aa0 (8 bytes)
1730536670.003453 sending message 112 to peer 0x20ad1aa0 (15 bytes)
1730536670.003456 sending message 112 to peer 0x20ad1aa0 (13 bytes)
1730536670.003459 sending message 112 to peer 0x20ad1aa0 (10 bytes)
1730536670.003462 sending message 112 to peer 0x20ad1aa0 (10 bytes)
1730536670.003466 sending message 112 to peer 0x20ad1aa0 (17 bytes)
1730536670.003468 sending message 112 to peer 0x20ad1aa0 (10 bytes)
1730536670.003471 sending message 112 to peer 0x20ad1aa0 (13 bytes)
1730536670.003474 sending message 112 to peer 0x20ad1aa0 (9 bytes)
1730536670.003477 sending message 112 to peer 0x20ad1aa0 (5 bytes)
1730536670.003480 sending message 112 to peer 0x20ad1aa0 (15 bytes)
1730536670.003485 sending message 104 to peer 0x20ad1aa0 (0 bytes)
1730536670.003488 sending message 110 to peer 0x20ad1aa0 (0 bytes)
1730536670.003491 sending message 107 to peer 0x20ad1aa0 (4 bytes)
1730536670.003495 sending message 105 to peer 0x20ad1aa0 (36 bytes)
1730536670.003497 sending message 105 to peer 0x20ad1aa0 (85 bytes)
1730536670.003500 sending message 105 to peer 0x20ad1aa0 (51 bytes)
1730536670.003503 sending message 105 to peer 0x20ad1aa0 (24 bytes)
1730536670.003517 sending message 105 to peer 0x20ad1aa0 (20 bytes)
1730536670.003525 sending message 105 to peer 0x20ad1aa0 (54 bytes)
1730536670.003530 sending message 105 to peer 0x20ad1aa0 (11 bytes)
1730536670.003534 sending message 105 to peer 0x20ad1aa0 (46 bytes)
1730536670.003538 sending message 105 to peer 0x20ad1aa0 (11 bytes)
1730536670.003542 sending message 105 to peer 0x20ad1aa0 (541 bytes)
1730536670.003545 sending message 105 to peer 0x20ad1aa0 (34 bytes)
1730536670.003548 sending message 105 to peer 0x20ad1aa0 (27 bytes)
1730536670.003552 sending message 105 to peer 0x20ad1aa0 (27 bytes)
1730536670.003555 sending message 105 to peer 0x20ad1aa0 (15 bytes)
1730536670.003558 sending message 105 to peer 0x20ad1aa0 (17 bytes)
1730536670.003562 sending message 105 to peer 0x20ad1aa0 (30 bytes)
1730536670.003564 sending message 105 to peer 0x20ad1aa0 (16 bytes)
1730536670.003568 sending message 105 to peer 0x20ad1aa0 (67 bytes)
1730536670.003571 sending message 105 to peer 0x20ad1aa0 (12 bytes)
1730536670.003574 sending message 105 to peer 0x20ad1aa0 (8 bytes)
1730536670.003576 sending message 105 to peer 0x20ad1aa0 (22 bytes)
1730536670.003580 sending message 105 to peer 0x20ad1aa0 (705 bytes)
1730536670.003583 sending message 105 to peer 0x20ad1aa0 (49 bytes)
1730536670.003592 sending message 105 to peer 0x20ad1aa0 (24 bytes)
1730536670.003595 sending message 105 to peer 0x20ad1aa0 (19 bytes)
1730536670.003598 sending message 105 to peer 0x20ad1aa0 (60 bytes)
1730536670.003602 sending message 105 to peer 0x20ad1aa0 (70 bytes)
1730536670.003605 sending message 105 to peer 0x20ad1aa0 (167 bytes)
1730536670.003608 sending message 105 to peer 0x20ad1aa0 (17 bytes)
1730536670.003611 sending message 105 to peer 0x20ad1aa0 (23 bytes)
1730536670.003613 sending message 105 to peer 0x20ad1aa0 (38 bytes)
1730536670.003616 sending message 105 to peer 0x20ad1aa0 (18 bytes)
1730536670.003619 sending message 105 to peer 0x20ad1aa0 (221 bytes)
1730536670.003622 sending message 105 to peer 0x20ad1aa0 (35 bytes)
1730536670.003625 sending message 105 to peer 0x20ad1aa0 (21 bytes)
1730536670.003628 sending message 105 to peer 0x20ad1aa0 (15 bytes)
1730536670.003631 sending message 105 to peer 0x20ad1aa0 (11 bytes)
1730536670.003634 sending message 105 to peer 0x20ad1aa0 (72 bytes)
1730536670.003638 sending message 105 to peer 0x20ad1aa0 (269 bytes)
1730536670.003642 sending message 105 to peer 0x20ad1aa0 (38 bytes)
1730536670.003644 sending message 105 to peer 0x20ad1aa0 (25 bytes)
1730536670.003648 sending message 105 to peer 0x20ad1aa0 (20 bytes)
1730536670.003651 sending message 105 to peer 0x20ad1aa0 (18 bytes)
1730536670.003655 sending message 105 to peer 0x20ad1aa0 (38 bytes)
1730536670.003657 sending message 105 to peer 0x20ad1aa0 (18 bytes)
1730536670.003660 sending message 105 to peer 0x20ad1aa0 (14 bytes)
1730536670.003663 sending message 105 to peer 0x20ad1aa0 (17 bytes)
1730536670.003667 sending message 105 to peer 0x20ad1aa0 (233 bytes)
1730536670.003670 sending message 105 to peer 0x20ad1aa0 (21 bytes)
1730536670.003673 sending message 105 to peer 0x20ad1aa0 (30 bytes)
1730536670.003676 sending message 105 to peer 0x20ad1aa0 (25 bytes)
1730536670.003680 sending message 105 to peer 0x20ad1aa0 (20 bytes)
1730536670.003682 sending message 105 to peer 0x20ad1aa0 (15 bytes)
1730536670.003685 sending message 105 to peer 0x20ad1aa0 (87 bytes)
1730536670.003689 sending message 105 to peer 0x20ad1aa0 (173 bytes)
1730536670.003692 sending message 105 to peer 0x20ad1aa0 (13 bytes)
1730536670.003696 sending message 105 to peer 0x20ad1aa0 (20 bytes)
1730536670.003699 sending message 105 to peer 0x20ad1aa0 (17 bytes)
1730536670.003703 sending message 105 to peer 0x20ad1aa0 (20 bytes)
1730536670.003706 sending message 105 to peer 0x20ad1aa0 (23 bytes)
1730536670.003709 sending message 105 to peer 0x20ad1aa0 (14 bytes)
1730536670.003713 sending message 105 to peer 0x20ad1aa0 (59 bytes)
1730536670.003717 sending message 105 to peer 0x20ad1aa0 (76 bytes)
1730536670.003719 sending message 105 to peer 0x20ad1aa0 (29 bytes)
1730536670.003722 sending message 105 to peer 0x20ad1aa0 (29 bytes)
1730536670.003725 sending message 105 to peer 0x20ad1aa0 (43 bytes)
1730536670.003729 sending message 105 to peer 0x20ad1aa0 (28 bytes)
1730536670.003733 sending message 105 to peer 0x20ad1aa0 (18 bytes)
1730536670.003736 sending message 105 to peer 0x20ad1aa0 (11 bytes)
1730536670.003740 sending message 105 to peer 0x20ad1aa0 (31 bytes)
1730536670.003744 sending message 105 to peer 0x20ad1aa0 (21 bytes)
1730536670.003748 sending message 105 to peer 0x20ad1aa0 (38 bytes)
1730536670.003752 sending message 105 to peer 0x20ad1aa0 (15 bytes)
1730536670.003755 sending message 105 to peer 0x20ad1aa0 (64 bytes)
1730536670.003759 sending message 105 to peer 0x20ad1aa0 (26 bytes)
1730536670.003763 sending message 105 to peer 0x20ad1aa0 (20 bytes)
1730536670.003767 sending message 105 to peer 0x20ad1aa0 (30 bytes)
1730536670.003770 sending message 105 to peer 0x20ad1aa0 (264 bytes)
1730536670.003777 sending message 105 to peer 0x20ad1aa0 (90 bytes)
1730536670.003780 sending message 105 to peer 0x20ad1aa0 (24 bytes)
1730536670.003784 sending message 105 to peer 0x20ad1aa0 (616 bytes)
1730536670.003788 sending message 105 to peer 0x20ad1aa0 (307 bytes)
1730536670.003792 sending message 105 to peer 0x20ad1aa0 (35 bytes)
1730536670.003799 sending message 105 to peer 0x20ad1aa0 (26 bytes)
1730536670.003802 sending message 105 to peer 0x20ad1aa0 (23 bytes)
1730536670.003805 sending message 105 to peer 0x20ad1aa0 (12 bytes)
1730536670.003809 sending message 105 to peer 0x20ad1aa0 (109 bytes)
1730536670.003812 sending message 105 to peer 0x20ad1aa0 (425 bytes)
1730536670.003816 sending message 105 to peer 0x20ad1aa0 (20 bytes)
1730536670.003820 sending message 105 to peer 0x20ad1aa0 (60 bytes)
1730536670.003823 sending message 105 to peer 0x20ad1aa0 (90 bytes)
1730536670.003827 sending message 105 to peer 0x20ad1aa0 (103 bytes)
1730536670.003833 sending message 105 to peer 0x20ad1aa0 (27 bytes)
1730536670.003837 sending message 105 to peer 0x20ad1aa0 (27 bytes)
1730536670.003840 sending message 105 to peer 0x20ad1aa0 (31 bytes)
1730536670.003843 sending message 105 to peer 0x20ad1aa0 (83 bytes)
1730536670.003846 sending message 106 to peer 0x20ad1aa0 (0 bytes)
1730536670.003884 sending message 200 to peer 0x20ad1aa0 (4 bytes)
1730536670.003890 client loop enter
1730536670.013474 peer 0x20ad1aa0 message 303
1730536670.013492 open write file 2 -
1730536670.013501 sending message 305 to peer 0x20ad1aa0 (8 bytes)
1730536670.013517 write check file 2
1730536670.013674 peer 0x20ad1aa0 message 304
1730536670.013680 write 58 to file 2
1730536670.013685 peer 0x20ad1aa0 message 203
1730536670.013689 file 2 58 bytes left
1730536670.013698 write check file 2
1730536670.013701 client loop exit
